<?xml version="1.0" encoding="UTF-8"?>
<!-- Generated by org.testng.reporters.JUnitXMLReporter -->
<testsuite ignored="0" hostname="DESKTOP-99BJJHQ" failures="2" tests="7" name="Master Test" time="79.762" errors="0" timestamp="24 Mar 2025 11:12:54 GMT">
  <testcase classname="testCases.TS_001_AccountRegistrationTest" name="registerAccountTest" time="6.419"/>
  <testcase classname="testCases.TS_002_LoginTest" name="loginTest" time="4.246">
    <failure type="java.lang.AssertionError">
      <![CDATA[java.lang.AssertionError
at org.junit.Assert.fail(Assert.java:87)
at org.junit.Assert.fail(Assert.java:96)
at testCases.TS_002_LoginTest.loginTest(TS_002_LoginTest.java:58)
... Removed 29 stack frames]]>
    </failure>
  </testcase> <!-- loginTest -->
  <testcase classname="testCases.TS_003_LoginDDTest" name="loginDDT" time="3.045"/>
  <testcase classname="testCases.TS_003_LoginDDTest" name="loginDDT" time="11.985"/>
  <testcase classname="testCases.TS_003_LoginDDTest" name="loginDDT" time="11.562">
    <failure type="java.lang.AssertionError">
      <![CDATA[java.lang.AssertionError
at org.junit.Assert.fail(Assert.java:87)
at org.junit.Assert.assertTrue(Assert.java:42)
at org.junit.Assert.assertTrue(Assert.java:53)
at testCases.TS_003_LoginDDTest.loginDDT(TS_003_LoginDDTest.java:59)
... Removed 29 stack frames]]>
    </failure>
  </testcase> <!-- loginDDT -->
  <testcase classname="testCases.TS_003_LoginDDTest" name="loginDDT" time="11.684"/>
  <testcase classname="testCases.TS_003_LoginDDTest" name="loginDDT" time="2.404"/>
</testsuite> <!-- Master Test -->
