<?xml version="1.0" encoding="UTF-8"?>
<!-- Generated by org.testng.reporters.JUnitXMLReporter -->
<testsuite ignored="0" hostname="DESKTOP-99BJJHQ" failures="3" tests="8" name="Master Test" time="69.465" errors="0" timestamp="26 Mar 2025 12:23:27 GMT">
  <testcase classname="testCases.TS_001_AccountRegistrationTest" name="registerAccountTest" time="5.25"/>
  <testcase classname="testCases.TS_002_LoginTest" name="loginTest" time="2.4">
    <failure type="java.lang.AssertionError">
      <![CDATA[java.lang.AssertionError
at org.junit.Assert.fail(Assert.java:87)
at org.junit.Assert.fail(Assert.java:96)
at testCases.TS_002_LoginTest.loginTest(TS_002_LoginTest.java:58)
... Removed 25 stack frames]]>
    </failure>
  </testcase> <!-- loginTest -->
  <testcase classname="testCases.TS_003_LoginDDTest" name="loginDDT" time="1.809"/>
  <testcase classname="testCases.TS_003_LoginDDTest" name="loginDDT" time="11.257"/>
  <testcase classname="testCases.TS_003_LoginDDTest" name="loginDDT" time="11.016">
    <failure type="java.lang.AssertionError">
      <![CDATA[java.lang.AssertionError
at org.junit.Assert.fail(Assert.java:87)
at org.junit.Assert.assertTrue(Assert.java:42)
at org.junit.Assert.assertTrue(Assert.java:53)
at testCases.TS_003_LoginDDTest.loginDDT(TS_003_LoginDDTest.java:59)
... Removed 25 stack frames]]>
    </failure>
  </testcase> <!-- loginDDT -->
  <testcase classname="testCases.TS_003_LoginDDTest" name="loginDDT" time="10.722"/>
  <testcase classname="testCases.TS_003_LoginDDTest" name="loginDDT" time="1.699"/>
  <testcase classname="testCases.TS_004_SearchFunctionality" name="searchProductTest" time="0.145">
    <failure type="java.lang.AssertionError" message="null">
      <![CDATA[java.lang.AssertionError: null
at testCases.TS_004_SearchFunctionality.searchProductTest(TS_004_SearchFunctionality.java:50)
... Removed 27 stack frames]]>
    </failure>
  </testcase> <!-- searchProductTest -->
</testsuite> <!-- Master Test -->
