<?xml version="1.0" encoding="UTF-8"?>
<!-- Generated by org.testng.reporters.JUnitXMLReporter -->
<testsuite ignored="0" hostname="DESKTOP-99BJJHQ" failures="2" tests="7" name="Master Test" time="97.817" errors="0" timestamp="23 Mar 2025 06:35:28 GMT">
  <testcase classname="testCases.TS_001_AccountRegistrationTest" name="registerAccountTest" time="7.135"/>
  <testcase classname="testCases.TS_002_LoginTest" name="loginTest" time="2.558">
    <failure type="java.lang.AssertionError">
      <![CDATA[java.lang.AssertionError
at org.junit.Assert.fail(Assert.java:87)
at org.junit.Assert.fail(Assert.java:96)
at testCases.TS_002_LoginTest.loginTest(TS_002_LoginTest.java:58)
... Removed 25 stack frames]]>
    </failure>
  </testcase> <!-- loginTest -->
  <testcase classname="testCases.TS_003_LoginDDTest" name="loginDDT" time="2.794"/>
  <testcase classname="testCases.TS_003_LoginDDTest" name="loginDDT" time="11.774"/>
  <testcase classname="testCases.TS_003_LoginDDTest" name="loginDDT" time="11.206">
    <failure type="java.lang.AssertionError">
      <![CDATA[java.lang.AssertionError
at org.junit.Assert.fail(Assert.java:87)
at org.junit.Assert.assertTrue(Assert.java:42)
at org.junit.Assert.assertTrue(Assert.java:53)
at testCases.TS_003_LoginDDTest.loginDDT(TS_003_LoginDDTest.java:59)
... Removed 25 stack frames]]>
    </failure>
  </testcase> <!-- loginDDT -->
  <testcase classname="testCases.TS_003_LoginDDTest" name="loginDDT" time="12.226"/>
  <testcase classname="testCases.TS_003_LoginDDTest" name="loginDDT" time="1.943"/>
</testsuite> <!-- Master Test -->
