<?xml version="1.0" encoding="UTF-8"?>
<testng-results ignored="0" total="1" passed="1" failed="0" skipped="0">
  <reporter-output>
  </reporter-output>
  <suite started-at="2025-03-26T15:36:32Z" name="Grouping Suite" finished-at="2025-03-26T15:36:49Z" duration-ms="17246">
    <groups>
      <group name="regression">
        <method signature="TS_004_SearchFunctionality.searchProductTest()[pri:0, instance:testCases.TS_004_SearchFunctionality@125290e5]" name="searchProductTest" class="testCases.TS_004_SearchFunctionality"/>
      </group> <!-- regression -->
      <group name="sanity">
        <method signature="TS_004_SearchFunctionality.searchProductTest()[pri:0, instance:testCases.TS_004_SearchFunctionality@125290e5]" name="searchProductTest" class="testCases.TS_004_SearchFunctionality"/>
      </group> <!-- sanity -->
      <group name="master">
        <method signature="TS_004_SearchFunctionality.searchProductTest()[pri:0, instance:testCases.TS_004_SearchFunctionality@125290e5]" name="searchProductTest" class="testCases.TS_004_SearchFunctionality"/>
      </group> <!-- master -->
    </groups>
    <test started-at="2025-03-26T15:36:32Z" name="Grouping Test" finished-at="2025-03-26T15:36:49Z" duration-ms="17246">
      <class name="testCases.TS_004_SearchFunctionality">
        <test-method is-config="true" signature="setUp(java.lang.String, java.lang.String)[pri:0, instance:testCases.TS_004_SearchFunctionality@125290e5]" started-at="2025-03-26T15:36:32Z" name="setUp" finished-at="2025-03-26T15:36:43Z" duration-ms="10940" status="PASS">
          <params>
            <param index="0">
              <value>
                <![CDATA[windows]]>
              </value>
            </param>
            <param index="1">
              <value>
                <![CDATA[chrome]]>
              </value>
            </param>
          </params>
          <reporter-output>
          </reporter-output>
        </test-method> <!-- setUp -->
        <test-method signature="searchProductTest()[pri:0, instance:testCases.TS_004_SearchFunctionality@125290e5]" started-at="2025-03-26T15:36:43Z" name="searchProductTest" finished-at="2025-03-26T15:36:48Z" duration-ms="5368" status="PASS">
          <reporter-output>
          </reporter-output>
        </test-method> <!-- searchProductTest -->
        <test-method is-config="true" signature="tearDown()[pri:0, instance:testCases.TS_004_SearchFunctionality@125290e5]" started-at="2025-03-26T15:36:48Z" name="tearDown" finished-at="2025-03-26T15:36:49Z" duration-ms="317" status="PASS">
          <reporter-output>
          </reporter-output>
        </test-method> <!-- tearDown -->
      </class> <!-- testCases.TS_004_SearchFunctionality -->
    </test> <!-- Grouping Test -->
  </suite> <!-- Grouping Suite -->
</testng-results>
